[0.064s] DEBUG:colcon:Command line arguments: ['/usr/bin/colcon', 'build']
[0.064s] DEBUG:colcon:Parsed command line arguments: Namespace(log_base=None, log_level=None, verb_name='build', build_base='build', install_base='install', merge_install=False, symlink_install=False, test_result_base=None, continue_on_error=False, executor='parallel', parallel_workers=22, event_handlers=None, ignore_user_meta=False, metas=['./colcon.meta'], base_paths=['.'], packages_ignore=None, packages_ignore_regex=None, paths=None, packages_up_to=None, packages_up_to_regex=None, packages_above=None, packages_above_and_dependencies=None, packages_above_depth=None, packages_select_by_dep=None, packages_skip_by_dep=None, packages_skip_up_to=None, packages_select_build_failed=False, packages_skip_build_finished=False, packages_select_test_failures=False, packages_skip_test_passed=False, packages_select=None, packages_skip=None, packages_select_regex=None, packages_skip_regex=None, packages_start=None, packages_end=None, cmake_args=None, cmake_target=None, cmake_target_skip_unavailable=False, cmake_clean_cache=False, cmake_clean_first=False, cmake_force_configure=False, ament_cmake_args=None, catkin_cmake_args=None, catkin_skip_building_tests=False, mixin_files=None, mixin=None, verb_parser=<colcon_mixin.mixin.mixin_argument.MixinArgumentDecorator object at 0x7f8dab6d1750>, verb_extension=<colcon_core.verb.build.BuildVerb object at 0x7f8dab6d1180>, main=<bound method BuildVerb.main of <colcon_core.verb.build.BuildVerb object at 0x7f8dab6d1180>>, mixin_verb=('build',))
[0.160s] Level 1:colcon.colcon_core.package_discovery:discover_packages(colcon_meta) check parameters
[0.160s] Level 1:colcon.colcon_core.package_discovery:discover_packages(recursive) check parameters
[0.160s] Level 1:colcon.colcon_core.package_discovery:discover_packages(ignore) check parameters
[0.160s] Level 1:colcon.colcon_core.package_discovery:discover_packages(path) check parameters
[0.161s] Level 1:colcon.colcon_core.package_discovery:discover_packages(colcon_meta) discover
[0.161s] Level 1:colcon.colcon_core.package_discovery:discover_packages(recursive) discover
[0.161s] INFO:colcon.colcon_core.package_discovery:Crawling recursively for packages in '/home/Elaina/lidarfind/lidarfind_ws'
[0.161s] Level 1:colcon.colcon_core.package_identification:_identify(.) by extensions ['ignore', 'ignore_ament_install']
[0.161s] Level 1:colcon.colcon_core.package_identification:_identify(.) by extension 'ignore'
[0.161s] Level 1:colcon.colcon_core.package_identification:_identify(.) by extension 'ignore_ament_install'
[0.161s] Level 1:colcon.colcon_core.package_identification:_identify(.) by extensions ['colcon_pkg']
[0.161s] Level 1:colcon.colcon_core.package_identification:_identify(.) by extension 'colcon_pkg'
[0.161s] Level 1:colcon.colcon_core.package_identification:_identify(.) by extensions ['colcon_meta']
[0.161s] Level 1:colcon.colcon_core.package_identification:_identify(.) by extension 'colcon_meta'
[0.161s] Level 1:colcon.colcon_core.package_identification:_identify(.) by extensions ['ros']
[0.161s] Level 1:colcon.colcon_core.package_identification:_identify(.) by extension 'ros'
[0.168s] Level 1:colcon.colcon_core.package_identification:_identify(.) by extensions ['cmake', 'python']
[0.168s] Level 1:colcon.colcon_core.package_identification:_identify(.) by extension 'cmake'
[0.168s] Level 1:colcon.colcon_core.package_identification:_identify(.) by extension 'python'
[0.168s] Level 1:colcon.colcon_core.package_identification:_identify(.) by extensions ['python_setup_py']
[0.168s] Level 1:colcon.colcon_core.package_identification:_identify(.) by extension 'python_setup_py'
[0.168s] Level 1:colcon.colcon_core.package_identification:_identify(build) by extensions ['ignore', 'ignore_ament_install']
[0.168s] Level 1:colcon.colcon_core.package_identification:_identify(build) by extension 'ignore'
[0.168s] Level 1:colcon.colcon_core.package_identification:_identify(build) ignored
[0.169s] Level 1:colcon.colcon_core.package_identification:_identify(install) by extensions ['ignore', 'ignore_ament_install']
[0.169s] Level 1:colcon.colcon_core.package_identification:_identify(install) by extension 'ignore'
[0.169s] Level 1:colcon.colcon_core.package_identification:_identify(install) ignored
[0.169s] Level 1:colcon.colcon_core.package_identification:_identify(log) by extensions ['ignore', 'ignore_ament_install']
[0.169s] Level 1:colcon.colcon_core.package_identification:_identify(log) by extension 'ignore'
[0.169s] Level 1:colcon.colcon_core.package_identification:_identify(log) ignored
[0.169s] Level 1:colcon.colcon_core.package_identification:_identify(src) by extensions ['ignore', 'ignore_ament_install']
[0.169s] Level 1:colcon.colcon_core.package_identification:_identify(src) by extension 'ignore'
[0.169s] Level 1:colcon.colcon_core.package_identification:_identify(src) by extension 'ignore_ament_install'
[0.169s] Level 1:colcon.colcon_core.package_identification:_identify(src) by extensions ['colcon_pkg']
[0.169s] Level 1:colcon.colcon_core.package_identification:_identify(src) by extension 'colcon_pkg'
[0.169s] Level 1:colcon.colcon_core.package_identification:_identify(src) by extensions ['colcon_meta']
[0.169s] Level 1:colcon.colcon_core.package_identification:_identify(src) by extension 'colcon_meta'
[0.169s] Level 1:colcon.colcon_core.package_identification:_identify(src) by extensions ['ros']
[0.169s] Level 1:colcon.colcon_core.package_identification:_identify(src) by extension 'ros'
[0.169s] Level 1:colcon.colcon_core.package_identification:_identify(src) by extensions ['cmake', 'python']
[0.169s] Level 1:colcon.colcon_core.package_identification:_identify(src) by extension 'cmake'
[0.169s] Level 1:colcon.colcon_core.package_identification:_identify(src) by extension 'python'
[0.169s] Level 1:colcon.colcon_core.package_identification:_identify(src) by extensions ['python_setup_py']
[0.169s] Level 1:colcon.colcon_core.package_identification:_identify(src) by extension 'python_setup_py'
[0.169s] Level 1:colcon.colcon_core.package_identification:_identify(src/build) by extensions ['ignore', 'ignore_ament_install']
[0.169s] Level 1:colcon.colcon_core.package_identification:_identify(src/build) by extension 'ignore'
[0.169s] Level 1:colcon.colcon_core.package_identification:_identify(src/build) ignored
[0.169s] Level 1:colcon.colcon_core.package_identification:_identify(src/cpp_get_pkg) by extensions ['ignore', 'ignore_ament_install']
[0.169s] Level 1:colcon.colcon_core.package_identification:_identify(src/cpp_get_pkg) by extension 'ignore'
[0.169s] Level 1:colcon.colcon_core.package_identification:_identify(src/cpp_get_pkg) by extension 'ignore_ament_install'
[0.169s] Level 1:colcon.colcon_core.package_identification:_identify(src/cpp_get_pkg) by extensions ['colcon_pkg']
[0.169s] Level 1:colcon.colcon_core.package_identification:_identify(src/cpp_get_pkg) by extension 'colcon_pkg'
[0.169s] Level 1:colcon.colcon_core.package_identification:_identify(src/cpp_get_pkg) by extensions ['colcon_meta']
[0.169s] Level 1:colcon.colcon_core.package_identification:_identify(src/cpp_get_pkg) by extension 'colcon_meta'
[0.169s] Level 1:colcon.colcon_core.package_identification:_identify(src/cpp_get_pkg) by extensions ['ros']
[0.169s] Level 1:colcon.colcon_core.package_identification:_identify(src/cpp_get_pkg) by extension 'ros'
[0.171s] DEBUG:colcon.colcon_core.package_identification:Package 'src/cpp_get_pkg' with type 'ros.ament_cmake' and name 'cpp_get_pkg'
[0.171s] Level 1:colcon.colcon_core.package_identification:_identify(src/install) by extensions ['ignore', 'ignore_ament_install']
[0.171s] Level 1:colcon.colcon_core.package_identification:_identify(src/install) by extension 'ignore'
[0.171s] Level 1:colcon.colcon_core.package_identification:_identify(src/install) ignored
[0.171s] Level 1:colcon.colcon_core.package_identification:_identify(src/log) by extensions ['ignore', 'ignore_ament_install']
[0.171s] Level 1:colcon.colcon_core.package_identification:_identify(src/log) by extension 'ignore'
[0.171s] Level 1:colcon.colcon_core.package_identification:_identify(src/log) ignored
[0.171s] Level 1:colcon.colcon_core.package_discovery:discover_packages(recursive) using defaults
[0.171s] Level 1:colcon.colcon_core.package_discovery:discover_packages(ignore) discover
[0.171s] Level 1:colcon.colcon_core.package_discovery:discover_packages(ignore) using defaults
[0.171s] Level 1:colcon.colcon_core.package_discovery:discover_packages(path) discover
[0.171s] Level 1:colcon.colcon_core.package_discovery:discover_packages(path) using defaults
[0.184s] Level 5:colcon.colcon_core.verb:set package 'cpp_get_pkg' build argument 'cmake_args' from command line to 'None'
[0.184s] Level 5:colcon.colcon_core.verb:set package 'cpp_get_pkg' build argument 'cmake_target' from command line to 'None'
[0.184s] Level 5:colcon.colcon_core.verb:set package 'cpp_get_pkg' build argument 'cmake_target_skip_unavailable' from command line to 'False'
[0.184s] Level 5:colcon.colcon_core.verb:set package 'cpp_get_pkg' build argument 'cmake_clean_cache' from command line to 'False'
[0.184s] Level 5:colcon.colcon_core.verb:set package 'cpp_get_pkg' build argument 'cmake_clean_first' from command line to 'False'
[0.184s] Level 5:colcon.colcon_core.verb:set package 'cpp_get_pkg' build argument 'cmake_force_configure' from command line to 'False'
[0.184s] Level 5:colcon.colcon_core.verb:set package 'cpp_get_pkg' build argument 'ament_cmake_args' from command line to 'None'
[0.184s] Level 5:colcon.colcon_core.verb:set package 'cpp_get_pkg' build argument 'catkin_cmake_args' from command line to 'None'
[0.184s] Level 5:colcon.colcon_core.verb:set package 'cpp_get_pkg' build argument 'catkin_skip_building_tests' from command line to 'False'
[0.184s] DEBUG:colcon.colcon_core.verb:Building package 'cpp_get_pkg' with the following arguments: {'ament_cmake_args': None, 'build_base': '/home/Elaina/lidarfind/lidarfind_ws/build/cpp_get_pkg', 'catkin_cmake_args': None, 'catkin_skip_building_tests': False, 'cmake_args': None, 'cmake_clean_cache': False, 'cmake_clean_first': False, 'cmake_force_configure': False, 'cmake_target': None, 'cmake_target_skip_unavailable': False, 'install_base': '/home/Elaina/lidarfind/lidarfind_ws/install/cpp_get_pkg', 'merge_install': False, 'path': '/home/Elaina/lidarfind/lidarfind_ws/src/cpp_get_pkg', 'symlink_install': False, 'test_result_base': None}
[0.185s] INFO:colcon.colcon_core.executor:Executing jobs using 'parallel' executor
[0.192s] DEBUG:colcon.colcon_parallel_executor.executor.parallel:run_until_complete
[0.192s] INFO:colcon.colcon_ros.task.ament_cmake.build:Building ROS package in '/home/Elaina/lidarfind/lidarfind_ws/src/cpp_get_pkg' with build type 'ament_cmake'
[0.192s] INFO:colcon.colcon_cmake.task.cmake.build:Building CMake package in '/home/Elaina/lidarfind/lidarfind_ws/src/cpp_get_pkg'
[0.194s] INFO:colcon.colcon_core.plugin_system:Skipping extension 'colcon_core.shell.bat': Not used on non-Windows systems
[0.194s] INFO:colcon.colcon_core.shell:Skip shell extension 'powershell' for command environment: Not usable outside of PowerShell
[0.194s] DEBUG:colcon.colcon_core.shell:Skip shell extension 'dsv' for command environment
[0.203s] DEBUG:colcon.colcon_core.event_handler.log_command:Invoking command in '/home/Elaina/lidarfind/lidarfind_ws/build/cpp_get_pkg': CMAKE_PREFIX_PATH=${CMAKE_PREFIX_PATH}:/home/Elaina/packages/ros_ws/install/ros_tcp_endpoint:/home/Elaina/packages/ros_ws/install/robot_imu:/opt/ros/humble /usr/bin/cmake --build /home/Elaina/lidarfind/lidarfind_ws/build/cpp_get_pkg -- -j22 -l22
[2.453s] DEBUG:colcon.colcon_core.event_handler.log_command:Invoked command in '/home/Elaina/lidarfind/lidarfind_ws/build/cpp_get_pkg' returned '2': CMAKE_PREFIX_PATH=${CMAKE_PREFIX_PATH}:/home/Elaina/packages/ros_ws/install/ros_tcp_endpoint:/home/Elaina/packages/ros_ws/install/robot_imu:/opt/ros/humble /usr/bin/cmake --build /home/Elaina/lidarfind/lidarfind_ws/build/cpp_get_pkg -- -j22 -l22
[2.453s] Level 1:colcon.colcon_core.environment:create_environment_scripts_only(cpp_get_pkg)
[2.456s] Level 1:colcon.colcon_core.environment:checking '/home/Elaina/lidarfind/lidarfind_ws/install/cpp_get_pkg' for CMake module files
[2.456s] Level 1:colcon.colcon_core.environment:checking '/home/Elaina/lidarfind/lidarfind_ws/install/cpp_get_pkg' for CMake config files
[2.456s] Level 1:colcon.colcon_core.shell:create_environment_hook('cpp_get_pkg', 'cmake_prefix_path')
[2.456s] INFO:colcon.colcon_core.shell:Creating environment hook '/home/Elaina/lidarfind/lidarfind_ws/install/cpp_get_pkg/share/cpp_get_pkg/hook/cmake_prefix_path.ps1'
[2.457s] INFO:colcon.colcon_core.shell:Creating environment descriptor '/home/Elaina/lidarfind/lidarfind_ws/install/cpp_get_pkg/share/cpp_get_pkg/hook/cmake_prefix_path.dsv'
[2.457s] INFO:colcon.colcon_core.shell:Creating environment hook '/home/Elaina/lidarfind/lidarfind_ws/install/cpp_get_pkg/share/cpp_get_pkg/hook/cmake_prefix_path.sh'
[2.457s] Level 1:colcon.colcon_core.environment:checking '/home/Elaina/lidarfind/lidarfind_ws/install/cpp_get_pkg/lib'
[2.457s] Level 1:colcon.colcon_core.environment:checking '/home/Elaina/lidarfind/lidarfind_ws/install/cpp_get_pkg/bin'
[2.458s] Level 1:colcon.colcon_core.environment:checking '/home/Elaina/lidarfind/lidarfind_ws/install/cpp_get_pkg/lib/pkgconfig/cpp_get_pkg.pc'
[2.459s] Level 1:colcon.colcon_core.environment:checking '/home/Elaina/lidarfind/lidarfind_ws/install/cpp_get_pkg/lib/python3.10/site-packages'
[2.459s] Level 1:colcon.colcon_core.environment:checking '/home/Elaina/lidarfind/lidarfind_ws/install/cpp_get_pkg/bin'
[2.459s] INFO:colcon.colcon_core.shell:Creating package script '/home/Elaina/lidarfind/lidarfind_ws/install/cpp_get_pkg/share/cpp_get_pkg/package.ps1'
[2.459s] INFO:colcon.colcon_core.shell:Creating package descriptor '/home/Elaina/lidarfind/lidarfind_ws/install/cpp_get_pkg/share/cpp_get_pkg/package.dsv'
[2.460s] INFO:colcon.colcon_core.shell:Creating package script '/home/Elaina/lidarfind/lidarfind_ws/install/cpp_get_pkg/share/cpp_get_pkg/package.sh'
[2.460s] INFO:colcon.colcon_core.shell:Creating package script '/home/Elaina/lidarfind/lidarfind_ws/install/cpp_get_pkg/share/cpp_get_pkg/package.bash'
[2.461s] INFO:colcon.colcon_core.shell:Creating package script '/home/Elaina/lidarfind/lidarfind_ws/install/cpp_get_pkg/share/cpp_get_pkg/package.zsh'
[2.461s] Level 1:colcon.colcon_core.environment:create_file_with_runtime_dependencies(/home/Elaina/lidarfind/lidarfind_ws/install/cpp_get_pkg/share/colcon-core/packages/cpp_get_pkg)
[2.471s] DEBUG:colcon.colcon_parallel_executor.executor.parallel:closing loop
[2.471s] DEBUG:colcon.colcon_parallel_executor.executor.parallel:loop closed
[2.471s] DEBUG:colcon.colcon_parallel_executor.executor.parallel:run_until_complete finished with '2'
[2.472s] DEBUG:colcon.colcon_core.event_reactor:joining thread
[2.475s] INFO:colcon.colcon_core.plugin_system:Skipping extension 'colcon_notification.desktop_notification.notify_send': Could not find 'notify-send'
[2.475s] INFO:colcon.colcon_core.plugin_system:Skipping extension 'colcon_notification.desktop_notification.terminal_notifier': Not used on non-Darwin systems
[2.475s] INFO:colcon.colcon_core.plugin_system:Skipping extension 'colcon_notification.desktop_notification.win32': Not used on non-Windows systems
[2.475s] INFO:colcon.colcon_notification.desktop_notification:Sending desktop notification using 'notify2'
[2.482s] DEBUG:colcon.colcon_notification.desktop_notification.notify2:Failed to initialize notify2: org.freedesktop.DBus.Error.ServiceUnknown: The name org.freedesktop.Notifications was not provided by any .service files
[2.483s] DEBUG:colcon.colcon_core.event_reactor:joined thread
[2.483s] INFO:colcon.colcon_core.shell:Creating prefix script '/home/Elaina/lidarfind/lidarfind_ws/install/local_setup.ps1'
[2.484s] INFO:colcon.colcon_core.shell:Creating prefix util module '/home/Elaina/lidarfind/lidarfind_ws/install/_local_setup_util_ps1.py'
[2.485s] INFO:colcon.colcon_core.shell:Creating prefix chain script '/home/Elaina/lidarfind/lidarfind_ws/install/setup.ps1'
[2.486s] INFO:colcon.colcon_core.shell:Creating prefix script '/home/Elaina/lidarfind/lidarfind_ws/install/local_setup.sh'
[2.486s] INFO:colcon.colcon_core.shell:Creating prefix util module '/home/Elaina/lidarfind/lidarfind_ws/install/_local_setup_util_sh.py'
[2.486s] INFO:colcon.colcon_core.shell:Creating prefix chain script '/home/Elaina/lidarfind/lidarfind_ws/install/setup.sh'
[2.487s] INFO:colcon.colcon_core.shell:Creating prefix script '/home/Elaina/lidarfind/lidarfind_ws/install/local_setup.bash'
[2.487s] INFO:colcon.colcon_core.shell:Creating prefix chain script '/home/Elaina/lidarfind/lidarfind_ws/install/setup.bash'
[2.488s] INFO:colcon.colcon_core.shell:Creating prefix script '/home/Elaina/lidarfind/lidarfind_ws/install/local_setup.zsh'
[2.489s] INFO:colcon.colcon_core.shell:Creating prefix chain script '/home/Elaina/lidarfind/lidarfind_ws/install/setup.zsh'
